ca65 V2.13.3 - (C) Copyright 1998-2012 Ullrich von Bassewitz
Main file   : recompile_me.s
Current file: recompile_me.s

000000r 1               .segment "HEADER"
000000r 1               
000000r 1  4E 45 53 1A          .byte   "NES", $1A      ; iNES header identifier
000004r 1  02                   .byte   2               ; 2x 16KB PRG code
000005r 1  01                   .byte   1               ; 1x  8KB CHR data
000006r 1  01 00                .byte   $01, $00        ; mapper 0, vertical mirroring
000008r 1               
000008r 1               ;;;;;;;;;;;;;;;
000008r 1               
000008r 1               ;;; "nes" linker config requires a STARTUP section, even if it's empty
000008r 1               .segment "STARTUP"
000000r 1               
000000r 1               .segment "CODE"
000000r 1               
000000r 1               Function_8000:
000000r 1  78               sei
000001r 1  A2 FF            ldx #$ff
000003r 1  9A               txs
000004r 1  A9 00            lda #$00
000006r 1  8D 00 20         sta $2000
000009r 1  8D 01 20         sta $2001
00000Cr 1  A9 3F            lda #$3f
00000Er 1  8D 06 20         sta $2006
000011r 1  A9 00            lda #$00
000013r 1  8D 06 20         sta $2006
000016r 1  A2 00            ldx #$00
000018r 1  A0 10            ldy #$10
00001Ar 1               
00001Ar 1               Function_801a:
00001Ar 1  BD 51 80         lda $8051,x
00001Dr 1  8D 07 20         sta $2007
000020r 1  E8               inx
000021r 1  88               dey
000022r 1  D0 F6            bne Function_801a
000024r 1  A9 21            lda #$21
000026r 1  8D 06 20         sta $2006
000029r 1  A9 C9            lda #$c9
00002Br 1  8D 06 20         sta $2006
00002Er 1  A2 00            ldx #$00
000030r 1  A0 0D            ldy #$0d
000032r 1               
000032r 1               Function_8032:
000032r 1  BD 61 80         lda $8061,x
000035r 1  8D 07 20         sta $2007
000038r 1  E8               inx
000039r 1  88               dey
00003Ar 1  D0 F6            bne Function_8032
00003Cr 1  A9 00            lda #$00
00003Er 1  8D 05 20         sta $2005
000041r 1  8D 05 20         sta $2005
000044r 1  A9 08            lda #$08
000046r 1  8D 00 20         sta $2000
000049r 1  A9 1E            lda #$1e
00004Br 1  8D 01 20         sta $2001
00004Er 1  4C 4E 80         jmp $804e
00004Er 1               
